/*C53*/SET SCHEMA PUBLIC
INSERT INTO NOTICIA VALUES(17,'hi rafa','rafael')
COMMIT
DELETE FROM NOTICIA WHERE ID=17
INSERT INTO NOTICIA VALUES(17,'hi rafa, tudo bem','rafael')
COMMIT
DELETE FROM NOTICIA WHERE ID=17
COMMIT
/*C54*/SET SCHEMA PUBLIC
DISCONNECT
/*C60*/SET SCHEMA PUBLIC
DISCONNECT
/*C58*/SET SCHEMA PUBLIC
DISCONNECT
/*C62*/SET SCHEMA PUBLIC
DISCONNECT
/*C59*/SET SCHEMA PUBLIC
DISCONNECT
/*C56*/SET SCHEMA PUBLIC
DISCONNECT
/*C57*/SET SCHEMA PUBLIC
DISCONNECT
/*C55*/SET SCHEMA PUBLIC
DISCONNECT
/*C53*/DISCONNECT
/*C61*/SET SCHEMA PUBLIC
DISCONNECT
